<?xml version="1.0" encoding="UTF-8"?>
<testsuite xmlns:xsi="http://www.w3.org/2001/XMLSchema-instance" xsi:noNamespaceSchemaLocation="https://maven.apache.org/surefire/maven-surefire-plugin/xsd/surefire-test-report.xsd" name="Test_Add_Product_To_Cart" time="6.845" tests="4" errors="2" skipped="0" failures="1">
  <properties>
[...]
</properties>
  <testcase name="search_a_product" classname="Test_Add_Product_To_Cart" time="1.48"/>
  <testcase name="select_a_product" classname="Test_Add_Product_To_Cart" time="0.012">
    <error message="Index: 1, Size: 0" type="java.lang.IndexOutOfBoundsException">java.lang.IndexOutOfBoundsException: Index: 1, Size: 0
	at Test_Add_Product_To_Cart.select_a_product(Test_Add_Product_To_Cart.java:26)
</error>
  </testcase>
  <testcase name="add_product_to_cart" classname="Test_Add_Product_To_Cart" time="0.021">
    <error message="no such element: Unable to locate element: {&quot;method&quot;:&quot;css selector&quot;,&quot;selector&quot;:&quot;#add\-to\-cart\-button&quot;}&#10;  (Session info: chrome=90.0.4430.212)&#10;For documentation on this error, please visit: https://www.seleniumhq.org/exceptions/no_such_element.html&#10;Build info: version: &apos;3.141.59&apos;, revision: &apos;e82be7d358&apos;, time: &apos;2018-11-14T08:17:03&apos;&#10;System info: host: &apos;Mustafas-MacBook-Pro.local&apos;, ip: &apos;fe80:0:0:0:cbb:4796:c868:299c%en0&apos;, os.name: &apos;Mac OS X&apos;, os.arch: &apos;x86_64&apos;, os.version: &apos;10.16&apos;, java.version: &apos;1.8.0_291&apos;&#10;Driver info: org.openqa.selenium.chrome.ChromeDriver&#10;Capabilities {acceptInsecureCerts: false, browserName: chrome, browserVersion: 90.0.4430.212, chrome: {chromedriverVersion: 90.0.4430.24 (4c6d850f087da..., userDataDir: /var/folders/hw/417_kxvj6nl...}, goog:chromeOptions: {debuggerAddress: localhost:59782}, javascriptEnabled: true, networkConnectionEnabled: false, pageLoadStrategy: normal, platform: MAC, platformName: MAC, proxy: Proxy(), setWindowRect: true, strictFileInteractability: false, timeouts: {implicit: 0, pageLoad: 300000, script: 30000}, unhandledPromptBehavior: dismiss and notify, webauthn:extension:largeBlob: true, webauthn:virtualAuthenticators: true}&#10;Session ID: 863e823a0d9830a7955293082966a19d&#10;*** Element info: {Using=id, value=add-to-cart-button}" type="org.openqa.selenium.NoSuchElementException">org.openqa.selenium.NoSuchElementException: 
no such element: Unable to locate element: {"method":"css selector","selector":"#add\-to\-cart\-button"}
  (Session info: chrome=90.0.4430.212)
For documentation on this error, please visit: https://www.seleniumhq.org/exceptions/no_such_element.html
Build info: version: '3.141.59', revision: 'e82be7d358', time: '2018-11-14T08:17:03'
System info: host: 'Mustafas-MacBook-Pro.local', ip: 'fe80:0:0:0:cbb:4796:c868:299c%en0', os.name: 'Mac OS X', os.arch: 'x86_64', os.version: '10.16', java.version: '1.8.0_291'
Driver info: org.openqa.selenium.chrome.ChromeDriver
Capabilities {acceptInsecureCerts: false, browserName: chrome, browserVersion: 90.0.4430.212, chrome: {chromedriverVersion: 90.0.4430.24 (4c6d850f087da..., userDataDir: /var/folders/hw/417_kxvj6nl...}, goog:chromeOptions: {debuggerAddress: localhost:59782}, javascriptEnabled: true, networkConnectionEnabled: false, pageLoadStrategy: normal, platform: MAC, platformName: MAC, proxy: Proxy(), setWindowRect: true, strictFileInteractability: false, timeouts: {implicit: 0, pageLoad: 300000, script: 30000}, unhandledPromptBehavior: dismiss and notify, webauthn:extension:largeBlob: true, webauthn:virtualAuthenticators: true}
Session ID: 863e823a0d9830a7955293082966a19d
*** Element info: {Using=id, value=add-to-cart-button}
	at Test_Add_Product_To_Cart.add_product_to_cart(Test_Add_Product_To_Cart.java:34)
</error>
  </testcase>
  <testcase name="go_to_cart" classname="Test_Add_Product_To_Cart" time="1.293">
    <failure message="Product was not added to cart! ==&gt; expected: &lt;true&gt; but was: &lt;false&gt;" type="org.opentest4j.AssertionFailedError"><![CDATA[org.opentest4j.AssertionFailedError: Product was not added to cart! ==> expected: <true> but was: <false>
	at Test_Add_Product_To_Cart.go_to_cart(Test_Add_Product_To_Cart.java:44)
]]></failure>
  </testcase>
</testsuite>